Analysis & Synthesis report for calculator
Mon Sep 11 10:18:56 2023
Quartus II 64-Bit Version 13.0.1 Build 232 06/12/2013 Service Pack 1 SJ Web Edition


---------------------
; Table of Contents ;
---------------------
  1. Legal Notice
  2. Analysis & Synthesis Summary
  3. Analysis & Synthesis Settings
  4. Parallel Compilation
  5. Analysis & Synthesis Source Files Read
  6. Analysis & Synthesis Resource Usage Summary
  7. Analysis & Synthesis Resource Utilization by Entity
  8. User-Specified and Inferred Latches
  9. General Register Statistics
 10. Multiplexer Restructuring Statistics (Restructuring Performed)
 11. Parameter Settings for Inferred Entity Instance: seven_seg:sg|binary_to_bcd_converter:bcd1|lpm_divide:Mod0
 12. Parameter Settings for Inferred Entity Instance: seven_seg:sg|binary_to_bcd_converter:bcd1|lpm_divide:Mod1
 13. Parameter Settings for Inferred Entity Instance: seven_seg:sg|binary_to_bcd_converter:bcd1|lpm_divide:Mod2
 14. Parameter Settings for Inferred Entity Instance: seven_seg:sg|binary_to_bcd_converter:bcd1|lpm_divide:Div2
 15. Parameter Settings for Inferred Entity Instance: seven_seg:sg|binary_to_bcd_converter:bcd1|lpm_divide:Div1
 16. Port Connectivity Checks: "nbitflipflop:nff"
 17. Elapsed Time Per Partition
 18. Analysis & Synthesis Messages
 19. Analysis & Synthesis Suppressed Messages



----------------
; Legal Notice ;
----------------
Copyright (C) 1991-2013 Altera Corporation
Your use of Altera Corporation's design tools, logic functions 
and other software and tools, and its AMPP partner logic 
functions, and any output files from any of the foregoing 
(including device programming or simulation files), and any 
associated documentation or information are expressly subject 
to the terms and conditions of the Altera Program License 
Subscription Agreement, Altera MegaCore Function License 
Agreement, or other applicable license agreement, including, 
without limitation, that your use is for the sole purpose of 
programming logic devices manufactured by Altera and sold by 
Altera or its authorized distributors.  Please refer to the 
applicable agreement for further details.



+--------------------------------------------------------------------------------------+
; Analysis & Synthesis Summary                                                         ;
+------------------------------------+-------------------------------------------------+
; Analysis & Synthesis Status        ; Successful - Mon Sep 11 10:18:56 2023           ;
; Quartus II 64-Bit Version          ; 13.0.1 Build 232 06/12/2013 SP 1 SJ Web Edition ;
; Revision Name                      ; calculator                                      ;
; Top-level Entity Name              ; calculator                                      ;
; Family                             ; Cyclone II                                      ;
; Total logic elements               ; 216                                             ;
;     Total combinational functions  ; 208                                             ;
;     Dedicated logic registers      ; 8                                               ;
; Total registers                    ; 8                                               ;
; Total pins                         ; 39                                              ;
; Total virtual pins                 ; 0                                               ;
; Total memory bits                  ; 0                                               ;
; Embedded Multiplier 9-bit elements ; 0                                               ;
; Total PLLs                         ; 0                                               ;
+------------------------------------+-------------------------------------------------+


+----------------------------------------------------------------------------------------------------------------------+
; Analysis & Synthesis Settings                                                                                        ;
+----------------------------------------------------------------------------+--------------------+--------------------+
; Option                                                                     ; Setting            ; Default Value      ;
+----------------------------------------------------------------------------+--------------------+--------------------+
; Device                                                                     ; EP2C20F484C7       ;                    ;
; Top-level entity name                                                      ; calculator         ; calculator         ;
; Family name                                                                ; Cyclone II         ; Cyclone IV GX      ;
; Use smart compilation                                                      ; Off                ; Off                ;
; Enable parallel Assembler and TimeQuest Timing Analyzer during compilation ; On                 ; On                 ;
; Enable compact report table                                                ; Off                ; Off                ;
; Restructure Multiplexers                                                   ; Auto               ; Auto               ;
; Create Debugging Nodes for IP Cores                                        ; Off                ; Off                ;
; Preserve fewer node names                                                  ; On                 ; On                 ;
; Disable OpenCore Plus hardware evaluation                                  ; Off                ; Off                ;
; Verilog Version                                                            ; Verilog_2001       ; Verilog_2001       ;
; VHDL Version                                                               ; VHDL_1993          ; VHDL_1993          ;
; State Machine Processing                                                   ; Auto               ; Auto               ;
; Safe State Machine                                                         ; Off                ; Off                ;
; Extract Verilog State Machines                                             ; On                 ; On                 ;
; Extract VHDL State Machines                                                ; On                 ; On                 ;
; Ignore Verilog initial constructs                                          ; Off                ; Off                ;
; Iteration limit for constant Verilog loops                                 ; 5000               ; 5000               ;
; Iteration limit for non-constant Verilog loops                             ; 250                ; 250                ;
; Add Pass-Through Logic to Inferred RAMs                                    ; On                 ; On                 ;
; Infer RAMs from Raw Logic                                                  ; On                 ; On                 ;
; Parallel Synthesis                                                         ; On                 ; On                 ;
; DSP Block Balancing                                                        ; Auto               ; Auto               ;
; NOT Gate Push-Back                                                         ; On                 ; On                 ;
; Power-Up Don't Care                                                        ; On                 ; On                 ;
; Remove Redundant Logic Cells                                               ; Off                ; Off                ;
; Remove Duplicate Registers                                                 ; On                 ; On                 ;
; Ignore CARRY Buffers                                                       ; Off                ; Off                ;
; Ignore CASCADE Buffers                                                     ; Off                ; Off                ;
; Ignore GLOBAL Buffers                                                      ; Off                ; Off                ;
; Ignore ROW GLOBAL Buffers                                                  ; Off                ; Off                ;
; Ignore LCELL Buffers                                                       ; Off                ; Off                ;
; Ignore SOFT Buffers                                                        ; On                 ; On                 ;
; Limit AHDL Integers to 32 Bits                                             ; Off                ; Off                ;
; Optimization Technique                                                     ; Balanced           ; Balanced           ;
; Carry Chain Length                                                         ; 70                 ; 70                 ;
; Auto Carry Chains                                                          ; On                 ; On                 ;
; Auto Open-Drain Pins                                                       ; On                 ; On                 ;
; Perform WYSIWYG Primitive Resynthesis                                      ; Off                ; Off                ;
; Auto ROM Replacement                                                       ; On                 ; On                 ;
; Auto RAM Replacement                                                       ; On                 ; On                 ;
; Auto Shift Register Replacement                                            ; Auto               ; Auto               ;
; Allow Shift Register Merging across Hierarchies                            ; Auto               ; Auto               ;
; Auto Clock Enable Replacement                                              ; On                 ; On                 ;
; Strict RAM Replacement                                                     ; Off                ; Off                ;
; Allow Synchronous Control Signals                                          ; On                 ; On                 ;
; Force Use of Synchronous Clear Signals                                     ; Off                ; Off                ;
; Auto RAM to Logic Cell Conversion                                          ; Off                ; Off                ;
; Auto Resource Sharing                                                      ; Off                ; Off                ;
; Allow Any RAM Size For Recognition                                         ; Off                ; Off                ;
; Allow Any ROM Size For Recognition                                         ; Off                ; Off                ;
; Allow Any Shift Register Size For Recognition                              ; Off                ; Off                ;
; Use LogicLock Constraints during Resource Balancing                        ; On                 ; On                 ;
; Ignore translate_off and synthesis_off directives                          ; Off                ; Off                ;
; Timing-Driven Synthesis                                                    ; Off                ; Off                ;
; Report Parameter Settings                                                  ; On                 ; On                 ;
; Report Source Assignments                                                  ; On                 ; On                 ;
; Report Connectivity Checks                                                 ; On                 ; On                 ;
; Ignore Maximum Fan-Out Assignments                                         ; Off                ; Off                ;
; Synchronization Register Chain Length                                      ; 2                  ; 2                  ;
; PowerPlay Power Optimization                                               ; Normal compilation ; Normal compilation ;
; HDL message level                                                          ; Level2             ; Level2             ;
; Suppress Register Optimization Related Messages                            ; Off                ; Off                ;
; Number of Removed Registers Reported in Synthesis Report                   ; 5000               ; 5000               ;
; Number of Swept Nodes Reported in Synthesis Report                         ; 5000               ; 5000               ;
; Number of Inverted Registers Reported in Synthesis Report                  ; 100                ; 100                ;
; Clock MUX Protection                                                       ; On                 ; On                 ;
; Auto Gated Clock Conversion                                                ; Off                ; Off                ;
; Block Design Naming                                                        ; Auto               ; Auto               ;
; SDC constraint protection                                                  ; Off                ; Off                ;
; Synthesis Effort                                                           ; Auto               ; Auto               ;
; Shift Register Replacement - Allow Asynchronous Clear Signal               ; On                 ; On                 ;
; Pre-Mapping Resynthesis Optimization                                       ; Off                ; Off                ;
; Analysis & Synthesis Message Level                                         ; Medium             ; Medium             ;
; Disable Register Merging Across Hierarchies                                ; Auto               ; Auto               ;
; Resource Aware Inference For Block RAM                                     ; On                 ; On                 ;
; Synthesis Seed                                                             ; 1                  ; 1                  ;
+----------------------------------------------------------------------------+--------------------+--------------------+


Parallel compilation was disabled, but you have multiple processors available. Enable parallel compilation to reduce compilation time.
+-------------------------------------+
; Parallel Compilation                ;
+----------------------------+--------+
; Processors                 ; Number ;
+----------------------------+--------+
; Number detected on machine ; 4      ;
; Maximum allowed            ; 1      ;
+----------------------------+--------+


+------------------------------------------------------------------------------------------------------------------------------------------------------------------------+
; Analysis & Synthesis Source Files Read                                                                                                                                 ;
+----------------------------------+-----------------+------------------------------+--------------------------------------------------------------------------+---------+
; File Name with User-Entered Path ; Used in Netlist ; File Type                    ; File Name with Absolute Path                                             ; Library ;
+----------------------------------+-----------------+------------------------------+--------------------------------------------------------------------------+---------+
; calculator.v                     ; yes             ; User Verilog HDL File        ; C:/altera/13.0sp1/quartus/Projects/calculator/calculator.v               ;         ;
; binary_to_bcd_converter.v        ; yes             ; User Verilog HDL File        ; C:/altera/13.0sp1/quartus/Projects/calculator/binary_to_bcd_converter.v  ;         ;
; seven_seg.v                      ; yes             ; User Verilog HDL File        ; C:/altera/13.0sp1/quartus/Projects/calculator/seven_seg.v                ;         ;
; dflipflop.v                      ; yes             ; User Verilog HDL File        ; C:/altera/13.0sp1/quartus/Projects/calculator/dflipflop.v                ;         ;
; nbitflipflop.v                   ; yes             ; User Verilog HDL File        ; C:/altera/13.0sp1/quartus/Projects/calculator/nbitflipflop.v             ;         ;
; lpm_divide.tdf                   ; yes             ; Megafunction                 ; c:/altera/13.0sp1/quartus/libraries/megafunctions/lpm_divide.tdf         ;         ;
; abs_divider.inc                  ; yes             ; Megafunction                 ; c:/altera/13.0sp1/quartus/libraries/megafunctions/abs_divider.inc        ;         ;
; sign_div_unsign.inc              ; yes             ; Megafunction                 ; c:/altera/13.0sp1/quartus/libraries/megafunctions/sign_div_unsign.inc    ;         ;
; aglobal130.inc                   ; yes             ; Megafunction                 ; c:/altera/13.0sp1/quartus/libraries/megafunctions/aglobal130.inc         ;         ;
; db/lpm_divide_h6m.tdf            ; yes             ; Auto-Generated Megafunction  ; C:/altera/13.0sp1/quartus/Projects/calculator/db/lpm_divide_h6m.tdf      ;         ;
; db/sign_div_unsign_1nh.tdf       ; yes             ; Auto-Generated Megafunction  ; C:/altera/13.0sp1/quartus/Projects/calculator/db/sign_div_unsign_1nh.tdf ;         ;
; db/alt_u_div_45f.tdf             ; yes             ; Auto-Generated Megafunction  ; C:/altera/13.0sp1/quartus/Projects/calculator/db/alt_u_div_45f.tdf       ;         ;
; db/add_sub_lkc.tdf               ; yes             ; Auto-Generated Megafunction  ; C:/altera/13.0sp1/quartus/Projects/calculator/db/add_sub_lkc.tdf         ;         ;
; db/add_sub_mkc.tdf               ; yes             ; Auto-Generated Megafunction  ; C:/altera/13.0sp1/quartus/Projects/calculator/db/add_sub_mkc.tdf         ;         ;
; db/lpm_divide_75m.tdf            ; yes             ; Auto-Generated Megafunction  ; C:/altera/13.0sp1/quartus/Projects/calculator/db/lpm_divide_75m.tdf      ;         ;
; db/sign_div_unsign_ekh.tdf       ; yes             ; Auto-Generated Megafunction  ; C:/altera/13.0sp1/quartus/Projects/calculator/db/sign_div_unsign_ekh.tdf ;         ;
; db/alt_u_div_uve.tdf             ; yes             ; Auto-Generated Megafunction  ; C:/altera/13.0sp1/quartus/Projects/calculator/db/alt_u_div_uve.tdf       ;         ;
; db/lpm_divide_35m.tdf            ; yes             ; Auto-Generated Megafunction  ; C:/altera/13.0sp1/quartus/Projects/calculator/db/lpm_divide_35m.tdf      ;         ;
; db/sign_div_unsign_akh.tdf       ; yes             ; Auto-Generated Megafunction  ; C:/altera/13.0sp1/quartus/Projects/calculator/db/sign_div_unsign_akh.tdf ;         ;
; db/alt_u_div_28f.tdf             ; yes             ; Auto-Generated Megafunction  ; C:/altera/13.0sp1/quartus/Projects/calculator/db/alt_u_div_28f.tdf       ;         ;
; db/add_sub_1tc.tdf               ; yes             ; Auto-Generated Megafunction  ; C:/altera/13.0sp1/quartus/Projects/calculator/db/add_sub_1tc.tdf         ;         ;
; db/add_sub_2tc.tdf               ; yes             ; Auto-Generated Megafunction  ; C:/altera/13.0sp1/quartus/Projects/calculator/db/add_sub_2tc.tdf         ;         ;
; db/lpm_divide_0dm.tdf            ; yes             ; Auto-Generated Megafunction  ; C:/altera/13.0sp1/quartus/Projects/calculator/db/lpm_divide_0dm.tdf      ;         ;
; db/lpm_divide_4dm.tdf            ; yes             ; Auto-Generated Megafunction  ; C:/altera/13.0sp1/quartus/Projects/calculator/db/lpm_divide_4dm.tdf      ;         ;
+----------------------------------+-----------------+------------------------------+--------------------------------------------------------------------------+---------+


+-----------------------------------------------------+
; Analysis & Synthesis Resource Usage Summary         ;
+---------------------------------------------+-------+
; Resource                                    ; Usage ;
+---------------------------------------------+-------+
; Estimated Total logic elements              ; 216   ;
;                                             ;       ;
; Total combinational functions               ; 208   ;
; Logic element usage by number of LUT inputs ;       ;
;     -- 4 input functions                    ; 57    ;
;     -- 3 input functions                    ; 65    ;
;     -- <=2 input functions                  ; 86    ;
;                                             ;       ;
; Logic elements by mode                      ;       ;
;     -- normal mode                          ; 149   ;
;     -- arithmetic mode                      ; 59    ;
;                                             ;       ;
; Total registers                             ; 8     ;
;     -- Dedicated logic registers            ; 8     ;
;     -- I/O registers                        ; 0     ;
;                                             ;       ;
; I/O pins                                    ; 39    ;
; Embedded Multiplier 9-bit elements          ; 0     ;
; Maximum fan-out node                        ; plus  ;
; Maximum fan-out                             ; 33    ;
; Total fan-out                               ; 607   ;
; Average fan-out                             ; 2.38  ;
+---------------------------------------------+-------+


+---------------------------------------------------------------------------------------------------------------------------------------------------------------------------------------------------------------------------------------------------------------------------------------------------------------------------------+
; Analysis & Synthesis Resource Utilization by Entity                                                                                                                                                                                                                                                                             ;
+----------------------------------------------+-------------------+--------------+-------------+--------------+---------+-----------+------+--------------+-------------------------------------------------------------------------------------------------------------------------------------------------------+--------------+
; Compilation Hierarchy Node                   ; LC Combinationals ; LC Registers ; Memory Bits ; DSP Elements ; DSP 9x9 ; DSP 18x18 ; Pins ; Virtual Pins ; Full Hierarchy Name                                                                                                                                   ; Library Name ;
+----------------------------------------------+-------------------+--------------+-------------+--------------+---------+-----------+------+--------------+-------------------------------------------------------------------------------------------------------------------------------------------------------+--------------+
; |calculator                                  ; 208 (26)          ; 8 (0)        ; 0           ; 0            ; 0       ; 0         ; 39   ; 0            ; |calculator                                                                                                                                           ; work         ;
;    |nbitflipflop:nff|                        ; 0 (0)             ; 8 (0)        ; 0           ; 0            ; 0       ; 0         ; 0    ; 0            ; |calculator|nbitflipflop:nff                                                                                                                          ; work         ;
;       |dflipflop:f_loop[0].dff|              ; 0 (0)             ; 1 (1)        ; 0           ; 0            ; 0       ; 0         ; 0    ; 0            ; |calculator|nbitflipflop:nff|dflipflop:f_loop[0].dff                                                                                                  ; work         ;
;       |dflipflop:f_loop[1].dff|              ; 0 (0)             ; 1 (1)        ; 0           ; 0            ; 0       ; 0         ; 0    ; 0            ; |calculator|nbitflipflop:nff|dflipflop:f_loop[1].dff                                                                                                  ; work         ;
;       |dflipflop:f_loop[2].dff|              ; 0 (0)             ; 1 (1)        ; 0           ; 0            ; 0       ; 0         ; 0    ; 0            ; |calculator|nbitflipflop:nff|dflipflop:f_loop[2].dff                                                                                                  ; work         ;
;       |dflipflop:f_loop[3].dff|              ; 0 (0)             ; 1 (1)        ; 0           ; 0            ; 0       ; 0         ; 0    ; 0            ; |calculator|nbitflipflop:nff|dflipflop:f_loop[3].dff                                                                                                  ; work         ;
;       |dflipflop:f_loop[4].dff|              ; 0 (0)             ; 1 (1)        ; 0           ; 0            ; 0       ; 0         ; 0    ; 0            ; |calculator|nbitflipflop:nff|dflipflop:f_loop[4].dff                                                                                                  ; work         ;
;       |dflipflop:f_loop[5].dff|              ; 0 (0)             ; 1 (1)        ; 0           ; 0            ; 0       ; 0         ; 0    ; 0            ; |calculator|nbitflipflop:nff|dflipflop:f_loop[5].dff                                                                                                  ; work         ;
;       |dflipflop:f_loop[6].dff|              ; 0 (0)             ; 1 (1)        ; 0           ; 0            ; 0       ; 0         ; 0    ; 0            ; |calculator|nbitflipflop:nff|dflipflop:f_loop[6].dff                                                                                                  ; work         ;
;       |dflipflop:f_loop[7].dff|              ; 0 (0)             ; 1 (1)        ; 0           ; 0            ; 0       ; 0         ; 0    ; 0            ; |calculator|nbitflipflop:nff|dflipflop:f_loop[7].dff                                                                                                  ; work         ;
;    |seven_seg:sg|                            ; 182 (25)          ; 0 (0)        ; 0           ; 0            ; 0       ; 0         ; 0    ; 0            ; |calculator|seven_seg:sg                                                                                                                              ; work         ;
;       |binary_to_bcd_converter:bcd1|         ; 157 (8)           ; 0 (0)        ; 0           ; 0            ; 0       ; 0         ; 0    ; 0            ; |calculator|seven_seg:sg|binary_to_bcd_converter:bcd1                                                                                                 ; work         ;
;          |lpm_divide:Div1|                   ; 25 (0)            ; 0 (0)        ; 0           ; 0            ; 0       ; 0         ; 0    ; 0            ; |calculator|seven_seg:sg|binary_to_bcd_converter:bcd1|lpm_divide:Div1                                                                                 ; work         ;
;             |lpm_divide_4dm:auto_generated|  ; 25 (0)            ; 0 (0)        ; 0           ; 0            ; 0       ; 0         ; 0    ; 0            ; |calculator|seven_seg:sg|binary_to_bcd_converter:bcd1|lpm_divide:Div1|lpm_divide_4dm:auto_generated                                                   ; work         ;
;                |sign_div_unsign_ekh:divider| ; 25 (0)            ; 0 (0)        ; 0           ; 0            ; 0       ; 0         ; 0    ; 0            ; |calculator|seven_seg:sg|binary_to_bcd_converter:bcd1|lpm_divide:Div1|lpm_divide_4dm:auto_generated|sign_div_unsign_ekh:divider                       ; work         ;
;                   |alt_u_div_uve:divider|    ; 25 (25)           ; 0 (0)        ; 0           ; 0            ; 0       ; 0         ; 0    ; 0            ; |calculator|seven_seg:sg|binary_to_bcd_converter:bcd1|lpm_divide:Div1|lpm_divide_4dm:auto_generated|sign_div_unsign_ekh:divider|alt_u_div_uve:divider ; work         ;
;          |lpm_divide:Div2|                   ; 43 (0)            ; 0 (0)        ; 0           ; 0            ; 0       ; 0         ; 0    ; 0            ; |calculator|seven_seg:sg|binary_to_bcd_converter:bcd1|lpm_divide:Div2                                                                                 ; work         ;
;             |lpm_divide_0dm:auto_generated|  ; 43 (0)            ; 0 (0)        ; 0           ; 0            ; 0       ; 0         ; 0    ; 0            ; |calculator|seven_seg:sg|binary_to_bcd_converter:bcd1|lpm_divide:Div2|lpm_divide_0dm:auto_generated                                                   ; work         ;
;                |sign_div_unsign_akh:divider| ; 43 (0)            ; 0 (0)        ; 0           ; 0            ; 0       ; 0         ; 0    ; 0            ; |calculator|seven_seg:sg|binary_to_bcd_converter:bcd1|lpm_divide:Div2|lpm_divide_0dm:auto_generated|sign_div_unsign_akh:divider                       ; work         ;
;                   |alt_u_div_28f:divider|    ; 43 (43)           ; 0 (0)        ; 0           ; 0            ; 0       ; 0         ; 0    ; 0            ; |calculator|seven_seg:sg|binary_to_bcd_converter:bcd1|lpm_divide:Div2|lpm_divide_0dm:auto_generated|sign_div_unsign_akh:divider|alt_u_div_28f:divider ; work         ;
;          |lpm_divide:Mod1|                   ; 37 (0)            ; 0 (0)        ; 0           ; 0            ; 0       ; 0         ; 0    ; 0            ; |calculator|seven_seg:sg|binary_to_bcd_converter:bcd1|lpm_divide:Mod1                                                                                 ; work         ;
;             |lpm_divide_75m:auto_generated|  ; 37 (0)            ; 0 (0)        ; 0           ; 0            ; 0       ; 0         ; 0    ; 0            ; |calculator|seven_seg:sg|binary_to_bcd_converter:bcd1|lpm_divide:Mod1|lpm_divide_75m:auto_generated                                                   ; work         ;
;                |sign_div_unsign_ekh:divider| ; 37 (0)            ; 0 (0)        ; 0           ; 0            ; 0       ; 0         ; 0    ; 0            ; |calculator|seven_seg:sg|binary_to_bcd_converter:bcd1|lpm_divide:Mod1|lpm_divide_75m:auto_generated|sign_div_unsign_ekh:divider                       ; work         ;
;                   |alt_u_div_uve:divider|    ; 37 (37)           ; 0 (0)        ; 0           ; 0            ; 0       ; 0         ; 0    ; 0            ; |calculator|seven_seg:sg|binary_to_bcd_converter:bcd1|lpm_divide:Mod1|lpm_divide_75m:auto_generated|sign_div_unsign_ekh:divider|alt_u_div_uve:divider ; work         ;
;          |lpm_divide:Mod2|                   ; 44 (0)            ; 0 (0)        ; 0           ; 0            ; 0       ; 0         ; 0    ; 0            ; |calculator|seven_seg:sg|binary_to_bcd_converter:bcd1|lpm_divide:Mod2                                                                                 ; work         ;
;             |lpm_divide_35m:auto_generated|  ; 44 (0)            ; 0 (0)        ; 0           ; 0            ; 0       ; 0         ; 0    ; 0            ; |calculator|seven_seg:sg|binary_to_bcd_converter:bcd1|lpm_divide:Mod2|lpm_divide_35m:auto_generated                                                   ; work         ;
;                |sign_div_unsign_akh:divider| ; 44 (0)            ; 0 (0)        ; 0           ; 0            ; 0       ; 0         ; 0    ; 0            ; |calculator|seven_seg:sg|binary_to_bcd_converter:bcd1|lpm_divide:Mod2|lpm_divide_35m:auto_generated|sign_div_unsign_akh:divider                       ; work         ;
;                   |alt_u_div_28f:divider|    ; 44 (44)           ; 0 (0)        ; 0           ; 0            ; 0       ; 0         ; 0    ; 0            ; |calculator|seven_seg:sg|binary_to_bcd_converter:bcd1|lpm_divide:Mod2|lpm_divide_35m:auto_generated|sign_div_unsign_akh:divider|alt_u_div_28f:divider ; work         ;
+----------------------------------------------+-------------------+--------------+-------------+--------------+---------+-----------+------+--------------+-------------------------------------------------------------------------------------------------------------------------------------------------------+--------------+
Note: For table entries with two numbers listed, the numbers in parentheses indicate the number of resources of the given type used by the specific entity alone. The numbers listed outside of parentheses indicate the total resources of the given type used by the specific entity and all of its sub-entities in the hierarchy.


+---------------------------------------------------------------------------------------------------+
; User-Specified and Inferred Latches                                                               ;
+----------------------------------------------------+---------------------+------------------------+
; Latch Name                                         ; Latch Enable Signal ; Free of Timing Hazards ;
+----------------------------------------------------+---------------------+------------------------+
; seg_display[0]                                     ; plus                ; yes                    ;
; seg_display[1]                                     ; plus                ; yes                    ;
; seg_display[2]                                     ; plus                ; yes                    ;
; seg_display[3]                                     ; plus                ; yes                    ;
; add                                                ; add                 ; yes                    ;
; seg_display[4]                                     ; plus                ; yes                    ;
; seg_display[7]                                     ; plus                ; yes                    ;
; seg_display[5]                                     ; plus                ; yes                    ;
; seg_display[6]                                     ; plus                ; yes                    ;
; Number of user-specified and inferred latches = 9  ;                     ;                        ;
+----------------------------------------------------+---------------------+------------------------+
Note: All latches listed above may not be present at the end of synthesis due to various synthesis optimizations.


+------------------------------------------------------+
; General Register Statistics                          ;
+----------------------------------------------+-------+
; Statistic                                    ; Value ;
+----------------------------------------------+-------+
; Total registers                              ; 8     ;
; Number of registers using Synchronous Clear  ; 0     ;
; Number of registers using Synchronous Load   ; 0     ;
; Number of registers using Asynchronous Clear ; 0     ;
; Number of registers using Asynchronous Load  ; 0     ;
; Number of registers using Clock Enable       ; 0     ;
; Number of registers using Preset             ; 0     ;
+----------------------------------------------+-------+


+------------------------------------------------------------------------------------------------------------------------------------------+
; Multiplexer Restructuring Statistics (Restructuring Performed)                                                                           ;
+--------------------+-----------+---------------+----------------------+------------------------+------------+----------------------------+
; Multiplexer Inputs ; Bus Width ; Baseline Area ; Area if Restructured ; Saving if Restructured ; Registered ; Example Multiplexer Output ;
+--------------------+-----------+---------------+----------------------+------------------------+------------+----------------------------+
; 3:1                ; 8 bits    ; 16 LEs        ; 16 LEs               ; 0 LEs                  ; No         ; |calculator|seg_display    ;
+--------------------+-----------+---------------+----------------------+------------------------+------------+----------------------------+


+------------------------------------------------------------------------------------------------------------+
; Parameter Settings for Inferred Entity Instance: seven_seg:sg|binary_to_bcd_converter:bcd1|lpm_divide:Mod0 ;
+------------------------+----------------+------------------------------------------------------------------+
; Parameter Name         ; Value          ; Type                                                             ;
+------------------------+----------------+------------------------------------------------------------------+
; LPM_WIDTHN             ; 8              ; Untyped                                                          ;
; LPM_WIDTHD             ; 10             ; Untyped                                                          ;
; LPM_NREPRESENTATION    ; UNSIGNED       ; Untyped                                                          ;
; LPM_DREPRESENTATION    ; UNSIGNED       ; Untyped                                                          ;
; LPM_PIPELINE           ; 0              ; Untyped                                                          ;
; LPM_REMAINDERPOSITIVE  ; TRUE           ; Untyped                                                          ;
; MAXIMIZE_SPEED         ; 5              ; Untyped                                                          ;
; CBXI_PARAMETER         ; lpm_divide_h6m ; Untyped                                                          ;
; CARRY_CHAIN            ; MANUAL         ; Untyped                                                          ;
; OPTIMIZE_FOR_SPEED     ; 5              ; Untyped                                                          ;
; AUTO_CARRY_CHAINS      ; ON             ; AUTO_CARRY                                                       ;
; IGNORE_CARRY_BUFFERS   ; OFF            ; IGNORE_CARRY                                                     ;
; AUTO_CASCADE_CHAINS    ; ON             ; AUTO_CASCADE                                                     ;
; IGNORE_CASCADE_BUFFERS ; OFF            ; IGNORE_CASCADE                                                   ;
+------------------------+----------------+------------------------------------------------------------------+
Note: In order to hide this table in the UI and the text report file, please set the "Show Parameter Settings in Synthesis Report" option in "Analysis and Synthesis Settings -> More Settings" to "Off".


+------------------------------------------------------------------------------------------------------------+
; Parameter Settings for Inferred Entity Instance: seven_seg:sg|binary_to_bcd_converter:bcd1|lpm_divide:Mod1 ;
+------------------------+----------------+------------------------------------------------------------------+
; Parameter Name         ; Value          ; Type                                                             ;
+------------------------+----------------+------------------------------------------------------------------+
; LPM_WIDTHN             ; 8              ; Untyped                                                          ;
; LPM_WIDTHD             ; 7              ; Untyped                                                          ;
; LPM_NREPRESENTATION    ; UNSIGNED       ; Untyped                                                          ;
; LPM_DREPRESENTATION    ; UNSIGNED       ; Untyped                                                          ;
; LPM_PIPELINE           ; 0              ; Untyped                                                          ;
; LPM_REMAINDERPOSITIVE  ; TRUE           ; Untyped                                                          ;
; MAXIMIZE_SPEED         ; 5              ; Untyped                                                          ;
; CBXI_PARAMETER         ; lpm_divide_75m ; Untyped                                                          ;
; CARRY_CHAIN            ; MANUAL         ; Untyped                                                          ;
; OPTIMIZE_FOR_SPEED     ; 5              ; Untyped                                                          ;
; AUTO_CARRY_CHAINS      ; ON             ; AUTO_CARRY                                                       ;
; IGNORE_CARRY_BUFFERS   ; OFF            ; IGNORE_CARRY                                                     ;
; AUTO_CASCADE_CHAINS    ; ON             ; AUTO_CASCADE                                                     ;
; IGNORE_CASCADE_BUFFERS ; OFF            ; IGNORE_CASCADE                                                   ;
+------------------------+----------------+------------------------------------------------------------------+
Note: In order to hide this table in the UI and the text report file, please set the "Show Parameter Settings in Synthesis Report" option in "Analysis and Synthesis Settings -> More Settings" to "Off".


+------------------------------------------------------------------------------------------------------------+
; Parameter Settings for Inferred Entity Instance: seven_seg:sg|binary_to_bcd_converter:bcd1|lpm_divide:Mod2 ;
+------------------------+----------------+------------------------------------------------------------------+
; Parameter Name         ; Value          ; Type                                                             ;
+------------------------+----------------+------------------------------------------------------------------+
; LPM_WIDTHN             ; 7              ; Untyped                                                          ;
; LPM_WIDTHD             ; 4              ; Untyped                                                          ;
; LPM_NREPRESENTATION    ; UNSIGNED       ; Untyped                                                          ;
; LPM_DREPRESENTATION    ; UNSIGNED       ; Untyped                                                          ;
; LPM_PIPELINE           ; 0              ; Untyped                                                          ;
; LPM_REMAINDERPOSITIVE  ; TRUE           ; Untyped                                                          ;
; MAXIMIZE_SPEED         ; 5              ; Untyped                                                          ;
; CBXI_PARAMETER         ; lpm_divide_35m ; Untyped                                                          ;
; CARRY_CHAIN            ; MANUAL         ; Untyped                                                          ;
; OPTIMIZE_FOR_SPEED     ; 5              ; Untyped                                                          ;
; AUTO_CARRY_CHAINS      ; ON             ; AUTO_CARRY                                                       ;
; IGNORE_CARRY_BUFFERS   ; OFF            ; IGNORE_CARRY                                                     ;
; AUTO_CASCADE_CHAINS    ; ON             ; AUTO_CASCADE                                                     ;
; IGNORE_CASCADE_BUFFERS ; OFF            ; IGNORE_CASCADE                                                   ;
+------------------------+----------------+------------------------------------------------------------------+
Note: In order to hide this table in the UI and the text report file, please set the "Show Parameter Settings in Synthesis Report" option in "Analysis and Synthesis Settings -> More Settings" to "Off".


+------------------------------------------------------------------------------------------------------------+
; Parameter Settings for Inferred Entity Instance: seven_seg:sg|binary_to_bcd_converter:bcd1|lpm_divide:Div2 ;
+------------------------+----------------+------------------------------------------------------------------+
; Parameter Name         ; Value          ; Type                                                             ;
+------------------------+----------------+------------------------------------------------------------------+
; LPM_WIDTHN             ; 7              ; Untyped                                                          ;
; LPM_WIDTHD             ; 4              ; Untyped                                                          ;
; LPM_NREPRESENTATION    ; UNSIGNED       ; Untyped                                                          ;
; LPM_DREPRESENTATION    ; UNSIGNED       ; Untyped                                                          ;
; LPM_PIPELINE           ; 0              ; Untyped                                                          ;
; LPM_REMAINDERPOSITIVE  ; TRUE           ; Untyped                                                          ;
; MAXIMIZE_SPEED         ; 5              ; Untyped                                                          ;
; CBXI_PARAMETER         ; lpm_divide_0dm ; Untyped                                                          ;
; CARRY_CHAIN            ; MANUAL         ; Untyped                                                          ;
; OPTIMIZE_FOR_SPEED     ; 5              ; Untyped                                                          ;
; AUTO_CARRY_CHAINS      ; ON             ; AUTO_CARRY                                                       ;
; IGNORE_CARRY_BUFFERS   ; OFF            ; IGNORE_CARRY                                                     ;
; AUTO_CASCADE_CHAINS    ; ON             ; AUTO_CASCADE                                                     ;
; IGNORE_CASCADE_BUFFERS ; OFF            ; IGNORE_CASCADE                                                   ;
+------------------------+----------------+------------------------------------------------------------------+
Note: In order to hide this table in the UI and the text report file, please set the "Show Parameter Settings in Synthesis Report" option in "Analysis and Synthesis Settings -> More Settings" to "Off".


+------------------------------------------------------------------------------------------------------------+
; Parameter Settings for Inferred Entity Instance: seven_seg:sg|binary_to_bcd_converter:bcd1|lpm_divide:Div1 ;
+------------------------+----------------+------------------------------------------------------------------+
; Parameter Name         ; Value          ; Type                                                             ;
+------------------------+----------------+------------------------------------------------------------------+
; LPM_WIDTHN             ; 8              ; Untyped                                                          ;
; LPM_WIDTHD             ; 7              ; Untyped                                                          ;
; LPM_NREPRESENTATION    ; UNSIGNED       ; Untyped                                                          ;
; LPM_DREPRESENTATION    ; UNSIGNED       ; Untyped                                                          ;
; LPM_PIPELINE           ; 0              ; Untyped                                                          ;
; LPM_REMAINDERPOSITIVE  ; TRUE           ; Untyped                                                          ;
; MAXIMIZE_SPEED         ; 5              ; Untyped                                                          ;
; CBXI_PARAMETER         ; lpm_divide_4dm ; Untyped                                                          ;
; CARRY_CHAIN            ; MANUAL         ; Untyped                                                          ;
; OPTIMIZE_FOR_SPEED     ; 5              ; Untyped                                                          ;
; AUTO_CARRY_CHAINS      ; ON             ; AUTO_CARRY                                                       ;
; IGNORE_CARRY_BUFFERS   ; OFF            ; IGNORE_CARRY                                                     ;
; AUTO_CASCADE_CHAINS    ; ON             ; AUTO_CASCADE                                                     ;
; IGNORE_CASCADE_BUFFERS ; OFF            ; IGNORE_CASCADE                                                   ;
+------------------------+----------------+------------------------------------------------------------------+
Note: In order to hide this table in the UI and the text report file, please set the "Show Parameter Settings in Synthesis Report" option in "Analysis and Synthesis Settings -> More Settings" to "Off".


+--------------------------------------------------+
; Port Connectivity Checks: "nbitflipflop:nff"     ;
+------+-------+----------+------------------------+
; Port ; Type  ; Severity ; Details                ;
+------+-------+----------+------------------------+
; clr  ; Input ; Info     ; Explicitly unconnected ;
+------+-------+----------+------------------------+


+-------------------------------+
; Elapsed Time Per Partition    ;
+----------------+--------------+
; Partition Name ; Elapsed Time ;
+----------------+--------------+
; Top            ; 00:00:02     ;
+----------------+--------------+


+-------------------------------+
; Analysis & Synthesis Messages ;
+-------------------------------+
Info: *******************************************************************
Info: Running Quartus II 64-Bit Analysis & Synthesis
    Info: Version 13.0.1 Build 232 06/12/2013 Service Pack 1 SJ Web Edition
    Info: Processing started: Mon Sep 11 10:18:52 2023
Info: Command: quartus_map --read_settings_files=on --write_settings_files=off calculator -c calculator
Warning (20028): Parallel compilation is not licensed and has been disabled
Info (12021): Found 1 design units, including 1 entities, in source file stimulus.v
    Info (12023): Found entity 1: stimulus
Info (12021): Found 1 design units, including 1 entities, in source file calculator.v
    Info (12023): Found entity 1: calculator
Info (12021): Found 1 design units, including 1 entities, in source file binary_to_bcd_converter.v
    Info (12023): Found entity 1: binary_to_bcd_converter
Info (12021): Found 1 design units, including 1 entities, in source file seven_seg.v
    Info (12023): Found entity 1: seven_seg
Info (12021): Found 1 design units, including 1 entities, in source file dflipflop.v
    Info (12023): Found entity 1: dflipflop
Info (12021): Found 1 design units, including 1 entities, in source file nbitflipflop.v
    Info (12023): Found entity 1: nbitflipflop
Info (12127): Elaborating entity "calculator" for the top level hierarchy
Warning (10235): Verilog HDL Always Construct warning at calculator.v(25): variable "add" is read inside the Always Construct but isn't in the Always Construct's Event Control
Warning (10235): Verilog HDL Always Construct warning at calculator.v(27): variable "seg_in" is read inside the Always Construct but isn't in the Always Construct's Event Control
Warning (10240): Verilog HDL Always Construct warning at calculator.v(12): inferring latch(es) for variable "add", which holds its previous value in one or more paths through the always construct
Warning (10240): Verilog HDL Always Construct warning at calculator.v(12): inferring latch(es) for variable "result", which holds its previous value in one or more paths through the always construct
Warning (10240): Verilog HDL Always Construct warning at calculator.v(12): inferring latch(es) for variable "seg_display", which holds its previous value in one or more paths through the always construct
Info (10041): Inferred latch for "seg_display[0]" at calculator.v(22)
Info (10041): Inferred latch for "seg_display[1]" at calculator.v(22)
Info (10041): Inferred latch for "seg_display[2]" at calculator.v(22)
Info (10041): Inferred latch for "seg_display[3]" at calculator.v(22)
Info (10041): Inferred latch for "seg_display[4]" at calculator.v(22)
Info (10041): Inferred latch for "seg_display[5]" at calculator.v(22)
Info (10041): Inferred latch for "seg_display[6]" at calculator.v(22)
Info (10041): Inferred latch for "seg_display[7]" at calculator.v(22)
Info (10041): Inferred latch for "add" at calculator.v(22)
Info (12128): Elaborating entity "nbitflipflop" for hierarchy "nbitflipflop:nff"
Info (12128): Elaborating entity "dflipflop" for hierarchy "nbitflipflop:nff|dflipflop:f_loop[0].dff"
Info (12128): Elaborating entity "seven_seg" for hierarchy "seven_seg:sg"
Warning (10235): Verilog HDL Always Construct warning at seven_seg.v(11): variable "thos" is read inside the Always Construct but isn't in the Always Construct's Event Control
Warning (10235): Verilog HDL Always Construct warning at seven_seg.v(30): variable "huns" is read inside the Always Construct but isn't in the Always Construct's Event Control
Warning (10235): Verilog HDL Always Construct warning at seven_seg.v(51): variable "tens" is read inside the Always Construct but isn't in the Always Construct's Event Control
Warning (10235): Verilog HDL Always Construct warning at seven_seg.v(70): variable "unit" is read inside the Always Construct but isn't in the Always Construct's Event Control
Info (12128): Elaborating entity "binary_to_bcd_converter" for hierarchy "seven_seg:sg|binary_to_bcd_converter:bcd1"
Warning (10036): Verilog HDL or VHDL warning at binary_to_bcd_converter.v(8): object "thous" assigned a value but never read
Warning (10036): Verilog HDL or VHDL warning at binary_to_bcd_converter.v(8): object "huns" assigned a value but never read
Warning (10036): Verilog HDL or VHDL warning at binary_to_bcd_converter.v(8): object "tens" assigned a value but never read
Warning (10036): Verilog HDL or VHDL warning at binary_to_bcd_converter.v(8): object "units" assigned a value but never read
Warning (10230): Verilog HDL assignment warning at binary_to_bcd_converter.v(21): truncated value with size 32 to match size of target (4)
Warning (10230): Verilog HDL assignment warning at binary_to_bcd_converter.v(22): truncated value with size 32 to match size of target (8)
Warning (10230): Verilog HDL assignment warning at binary_to_bcd_converter.v(24): truncated value with size 32 to match size of target (4)
Warning (10230): Verilog HDL assignment warning at binary_to_bcd_converter.v(25): truncated value with size 32 to match size of target (8)
Warning (10230): Verilog HDL assignment warning at binary_to_bcd_converter.v(27): truncated value with size 32 to match size of target (4)
Warning (10230): Verilog HDL assignment warning at binary_to_bcd_converter.v(28): truncated value with size 32 to match size of target (8)
Warning (10230): Verilog HDL assignment warning at binary_to_bcd_converter.v(30): truncated value with size 8 to match size of target (4)
Warning (10240): Verilog HDL Always Construct warning at binary_to_bcd_converter.v(9): inferring latch(es) for variable "bcd", which holds its previous value in one or more paths through the always construct
Info (278001): Inferred 5 megafunctions from design logic
    Info (278004): Inferred divider/modulo megafunction ("lpm_divide") from the following logic: "seven_seg:sg|binary_to_bcd_converter:bcd1|Mod0"
    Info (278004): Inferred divider/modulo megafunction ("lpm_divide") from the following logic: "seven_seg:sg|binary_to_bcd_converter:bcd1|Mod1"
    Info (278004): Inferred divider/modulo megafunction ("lpm_divide") from the following logic: "seven_seg:sg|binary_to_bcd_converter:bcd1|Mod2"
    Info (278004): Inferred divider/modulo megafunction ("lpm_divide") from the following logic: "seven_seg:sg|binary_to_bcd_converter:bcd1|Div2"
    Info (278004): Inferred divider/modulo megafunction ("lpm_divide") from the following logic: "seven_seg:sg|binary_to_bcd_converter:bcd1|Div1"
Info (12130): Elaborated megafunction instantiation "seven_seg:sg|binary_to_bcd_converter:bcd1|lpm_divide:Mod0"
Info (12133): Instantiated megafunction "seven_seg:sg|binary_to_bcd_converter:bcd1|lpm_divide:Mod0" with the following parameter:
    Info (12134): Parameter "LPM_WIDTHN" = "8"
    Info (12134): Parameter "LPM_WIDTHD" = "10"
    Info (12134): Parameter "LPM_NREPRESENTATION" = "UNSIGNED"
    Info (12134): Parameter "LPM_DREPRESENTATION" = "UNSIGNED"
Info (12021): Found 1 design units, including 1 entities, in source file db/lpm_divide_h6m.tdf
    Info (12023): Found entity 1: lpm_divide_h6m
Info (12021): Found 1 design units, including 1 entities, in source file db/sign_div_unsign_1nh.tdf
    Info (12023): Found entity 1: sign_div_unsign_1nh
Info (12021): Found 1 design units, including 1 entities, in source file db/alt_u_div_45f.tdf
    Info (12023): Found entity 1: alt_u_div_45f
Info (12021): Found 1 design units, including 1 entities, in source file db/add_sub_lkc.tdf
    Info (12023): Found entity 1: add_sub_lkc
Info (12021): Found 1 design units, including 1 entities, in source file db/add_sub_mkc.tdf
    Info (12023): Found entity 1: add_sub_mkc
Info (12130): Elaborated megafunction instantiation "seven_seg:sg|binary_to_bcd_converter:bcd1|lpm_divide:Mod1"
Info (12133): Instantiated megafunction "seven_seg:sg|binary_to_bcd_converter:bcd1|lpm_divide:Mod1" with the following parameter:
    Info (12134): Parameter "LPM_WIDTHN" = "8"
    Info (12134): Parameter "LPM_WIDTHD" = "7"
    Info (12134): Parameter "LPM_NREPRESENTATION" = "UNSIGNED"
    Info (12134): Parameter "LPM_DREPRESENTATION" = "UNSIGNED"
Info (12021): Found 1 design units, including 1 entities, in source file db/lpm_divide_75m.tdf
    Info (12023): Found entity 1: lpm_divide_75m
Info (12021): Found 1 design units, including 1 entities, in source file db/sign_div_unsign_ekh.tdf
    Info (12023): Found entity 1: sign_div_unsign_ekh
Info (12021): Found 1 design units, including 1 entities, in source file db/alt_u_div_uve.tdf
    Info (12023): Found entity 1: alt_u_div_uve
Info (12130): Elaborated megafunction instantiation "seven_seg:sg|binary_to_bcd_converter:bcd1|lpm_divide:Mod2"
Info (12133): Instantiated megafunction "seven_seg:sg|binary_to_bcd_converter:bcd1|lpm_divide:Mod2" with the following parameter:
    Info (12134): Parameter "LPM_WIDTHN" = "7"
    Info (12134): Parameter "LPM_WIDTHD" = "4"
    Info (12134): Parameter "LPM_NREPRESENTATION" = "UNSIGNED"
    Info (12134): Parameter "LPM_DREPRESENTATION" = "UNSIGNED"
Info (12021): Found 1 design units, including 1 entities, in source file db/lpm_divide_35m.tdf
    Info (12023): Found entity 1: lpm_divide_35m
Info (12021): Found 1 design units, including 1 entities, in source file db/sign_div_unsign_akh.tdf
    Info (12023): Found entity 1: sign_div_unsign_akh
Info (12021): Found 1 design units, including 1 entities, in source file db/alt_u_div_28f.tdf
    Info (12023): Found entity 1: alt_u_div_28f
Info (12021): Found 1 design units, including 1 entities, in source file db/add_sub_1tc.tdf
    Info (12023): Found entity 1: add_sub_1tc
Info (12021): Found 1 design units, including 1 entities, in source file db/add_sub_2tc.tdf
    Info (12023): Found entity 1: add_sub_2tc
Info (12130): Elaborated megafunction instantiation "seven_seg:sg|binary_to_bcd_converter:bcd1|lpm_divide:Div2"
Info (12133): Instantiated megafunction "seven_seg:sg|binary_to_bcd_converter:bcd1|lpm_divide:Div2" with the following parameter:
    Info (12134): Parameter "LPM_WIDTHN" = "7"
    Info (12134): Parameter "LPM_WIDTHD" = "4"
    Info (12134): Parameter "LPM_NREPRESENTATION" = "UNSIGNED"
    Info (12134): Parameter "LPM_DREPRESENTATION" = "UNSIGNED"
Info (12021): Found 1 design units, including 1 entities, in source file db/lpm_divide_0dm.tdf
    Info (12023): Found entity 1: lpm_divide_0dm
Info (12130): Elaborated megafunction instantiation "seven_seg:sg|binary_to_bcd_converter:bcd1|lpm_divide:Div1"
Info (12133): Instantiated megafunction "seven_seg:sg|binary_to_bcd_converter:bcd1|lpm_divide:Div1" with the following parameter:
    Info (12134): Parameter "LPM_WIDTHN" = "8"
    Info (12134): Parameter "LPM_WIDTHD" = "7"
    Info (12134): Parameter "LPM_NREPRESENTATION" = "UNSIGNED"
    Info (12134): Parameter "LPM_DREPRESENTATION" = "UNSIGNED"
Info (12021): Found 1 design units, including 1 entities, in source file db/lpm_divide_4dm.tdf
    Info (12023): Found entity 1: lpm_divide_4dm
Warning (13024): Output pins are stuck at VCC or GND
    Warning (13410): Pin "seg3[1]" is stuck at GND
    Warning (13410): Pin "seg4[0]" is stuck at GND
    Warning (13410): Pin "seg4[1]" is stuck at GND
    Warning (13410): Pin "seg4[2]" is stuck at GND
    Warning (13410): Pin "seg4[3]" is stuck at GND
    Warning (13410): Pin "seg4[4]" is stuck at GND
    Warning (13410): Pin "seg4[5]" is stuck at GND
    Warning (13410): Pin "seg4[6]" is stuck at VCC
Info (144001): Generated suppressed messages file C:/altera/13.0sp1/quartus/Projects/calculator/output_files/calculator.map.smsg
Info (16010): Generating hard_block partition "hard_block:auto_generated_inst"
    Info (16011): Adding 0 node(s), including 0 DDIO, 0 PLL, 0 transceiver and 0 LCELL
Warning (21074): Design contains 1 input pin(s) that do not drive logic
    Warning (15610): No output dependent on input pin "clk"
Info (21057): Implemented 255 device resources after synthesis - the final resource count might be different
    Info (21058): Implemented 11 input pins
    Info (21059): Implemented 28 output pins
    Info (21061): Implemented 216 logic cells
Info: Quartus II 64-Bit Analysis & Synthesis was successful. 0 errors, 33 warnings
    Info: Peak virtual memory: 4616 megabytes
    Info: Processing ended: Mon Sep 11 10:18:56 2023
    Info: Elapsed time: 00:00:04
    Info: Total CPU time (on all processors): 00:00:04


+------------------------------------------+
; Analysis & Synthesis Suppressed Messages ;
+------------------------------------------+
The suppressed messages can be found in C:/altera/13.0sp1/quartus/Projects/calculator/output_files/calculator.map.smsg.


